# JRE version: OpenJDK Runtime Environment (21.0.10) (build 21.0.10+-14961533-b1163.108)
# Java VM: OpenJDK 64-Bit Server VM (21.0.10+-14961533-b1163.108, mixed mode, tiered, compressed oops, compressed class ptrs, g1 gc, windows-amd64)
GC Precious Log:
 CardTable entry size: 512
 Card Set container configuration: InlinePtr #cards 5 size 8 Array Of Cards #cards 12 size 40 Howl #buckets 4 coarsen threshold 1843 Howl Bitmap #cards 512 size 80 coarsen threshold 460 Card regions per heap region 1 cards per card region 2048
 CPUs: 8 total, 8 available
 Memory: 16198M
 Large Page Support: Disabled
 NUMA Support: Disabled
 Compressed Oops: Enabled (32-bit)
 Heap Region Size: 1M
 Heap Min Capacity: 8M
 Heap Initial Capacity: 254M
 Heap Max Capacity: 2G
 Pre-touch: Disabled
 Parallel Workers: 8
 Concurrent Workers: 2
 Concurrent Refinement Workers: 8
 Periodic GC: Disabled
Heap:
 garbage-first heap   total 401408K, used 292312K [0x0000000080000000, 0x0000000100000000)
  region size 1024K, 40 young (40960K), 4 survivors (4096K)
 Metaspace       used 168981K, committed 171904K, reserved 1245184K
  class space    used 23318K, committed 24768K, reserved 1048576K
GC Heap History (20 events):
Event: 662.243 GC heap before
{Heap before GC invocations=62 (full 0):
 garbage-first heap   total 275456K, used 259072K [0x0000000080000000, 0x0000000100000000)
  region size 1024K, 92 young (94208K), 10 survivors (10240K)
 Metaspace       used 154269K, committed 157056K, reserved 1245184K
  class space    used 21221K, committed 22592K, reserved 1048576K
}
Event: 662.283 GC heap after
{Heap after GC invocations=63 (full 0):
 garbage-first heap   total 282624K, used 181972K [0x0000000080000000, 0x0000000100000000)
  region size 1024K, 11 young (11264K), 11 survivors (11264K)
 Metaspace       used 154269K, committed 157056K, reserved 1245184K
  class space    used 21221K, committed 22592K, reserved 1048576K
}
Event: 667.594 GC heap before
{Heap before GC invocations=63 (full 0):
 garbage-first heap   total 282624K, used 260820K [0x0000000080000000, 0x0000000100000000)
  region size 1024K, 89 young (91136K), 11 survivors (11264K)
 Metaspace       used 155653K, committed 158464K, reserved 1245184K
  class space    used 21370K, committed 22720K, reserved 1048576K
}
Event: 667.628 GC heap after
{Heap after GC invocations=64 (full 0):
 garbage-first heap   total 283648K, used 192214K [0x0000000080000000, 0x0000000100000000)
  region size 1024K, 10 young (10240K), 10 survivors (10240K)
 Metaspace       used 155653K, committed 158464K, reserved 1245184K
  class space    used 21370K, committed 22720K, reserved 1048576K
}
Event: 674.877 GC heap before
{Heap before GC invocations=65 (full 0):
 garbage-first heap   total 321536K, used 262870K [0x0000000080000000, 0x0000000100000000)
  region size 1024K, 80 young (81920K), 10 survivors (10240K)
 Metaspace       used 156399K, committed 159104K, reserved 1245184K
  class space    used 21453K, committed 22784K, reserved 1048576K
}
Event: 674.891 GC heap after
{Heap after GC invocations=66 (full 0):
 garbage-first heap   total 321536K, used 193487K [0x0000000080000000, 0x0000000100000000)
  region size 1024K, 2 young (2048K), 2 survivors (2048K)
 Metaspace       used 156399K, committed 159104K, reserved 1245184K
  class space    used 21453K, committed 22784K, reserved 1048576K
}
Event: 679.778 GC heap before
{Heap before GC invocations=66 (full 0):
 garbage-first heap   total 321536K, used 298959K [0x0000000080000000, 0x0000000100000000)
  region size 1024K, 104 young (106496K), 2 survivors (2048K)
 Metaspace       used 160443K, committed 163328K, reserved 1245184K
  class space    used 22134K, committed 23552K, reserved 1048576K
}
Event: 679.794 GC heap after
{Heap after GC invocations=67 (full 0):
 garbage-first heap   total 321536K, used 197395K [0x0000000080000000, 0x0000000100000000)
  region size 1024K, 8 young (8192K), 8 survivors (8192K)
 Metaspace       used 160443K, committed 163328K, reserved 1245184K
  class space    used 22134K, committed 23552K, reserved 1048576K
}
Event: 680.933 GC heap before
{Heap before GC invocations=67 (full 0):
 garbage-first heap   total 321536K, used 296723K [0x0000000080000000, 0x0000000100000000)
  region size 1024K, 106 young (108544K), 8 survivors (8192K)
 Metaspace       used 163755K, committed 166720K, reserved 1245184K
  class space    used 22589K, committed 24064K, reserved 1048576K
}
Event: 680.952 GC heap after
{Heap after GC invocations=68 (full 0):
 garbage-first heap   total 321536K, used 203601K [0x0000000080000000, 0x0000000100000000)
  region size 1024K, 13 young (13312K), 13 survivors (13312K)
 Metaspace       used 163755K, committed 166720K, reserved 1245184K
  class space    used 22589K, committed 24064K, reserved 1048576K
}
Event: 681.815 GC heap before
{Heap before GC invocations=69 (full 0):
 garbage-first heap   total 342016K, used 297809K [0x0000000080000000, 0x0000000100000000)
  region size 1024K, 106 young (108544K), 13 survivors (13312K)
 Metaspace       used 165197K, committed 168192K, reserved 1245184K
  class space    used 22780K, committed 24256K, reserved 1048576K
}
Event: 681.840 GC heap after
{Heap after GC invocations=70 (full 0):
 garbage-first heap   total 342016K, used 217130K [0x0000000080000000, 0x0000000100000000)
  region size 1024K, 14 young (14336K), 14 survivors (14336K)
 Metaspace       used 165197K, committed 168192K, reserved 1245184K
  class space    used 22780K, committed 24256K, reserved 1048576K
}
Event: 682.225 GC heap before
{Heap before GC invocations=70 (full 0):
 garbage-first heap   total 342016K, used 310314K [0x0000000080000000, 0x0000000100000000)
  region size 1024K, 106 young (108544K), 14 survivors (14336K)
 Metaspace       used 165284K, committed 168256K, reserved 1245184K
  class space    used 22789K, committed 24256K, reserved 1048576K
}
Event: 682.268 GC heap after
{Heap after GC invocations=71 (full 0):
 garbage-first heap   total 345088K, used 227988K [0x0000000080000000, 0x0000000100000000)
  region size 1024K, 14 young (14336K), 14 survivors (14336K)
 Metaspace       used 165284K, committed 168256K, reserved 1245184K
  class space    used 22789K, committed 24256K, reserved 1048576K
}
Event: 682.362 GC heap before
{Heap before GC invocations=71 (full 0):
 garbage-first heap   total 345088K, used 259732K [0x0000000080000000, 0x0000000100000000)
  region size 1024K, 47 young (48128K), 14 survivors (14336K)
 Metaspace       used 165288K, committed 168256K, reserved 1245184K
  class space    used 22789K, committed 24256K, reserved 1048576K
}
Event: 682.393 GC heap after
{Heap after GC invocations=72 (full 0):
 garbage-first heap   total 345088K, used 236218K [0x0000000080000000, 0x0000000100000000)
  region size 1024K, 7 young (7168K), 7 survivors (7168K)
 Metaspace       used 165288K, committed 168256K, reserved 1245184K
  class space    used 22789K, committed 24256K, reserved 1048576K
}
Event: 682.994 GC heap before
{Heap before GC invocations=72 (full 0):
 garbage-first heap   total 401408K, used 313018K [0x0000000080000000, 0x0000000100000000)
  region size 1024K, 78 young (79872K), 7 survivors (7168K)
 Metaspace       used 165298K, committed 168256K, reserved 1245184K
  class space    used 22790K, committed 24256K, reserved 1048576K
}
Event: 683.036 GC heap after
{Heap after GC invocations=73 (full 0):
 garbage-first heap   total 401408K, used 258402K [0x0000000080000000, 0x0000000100000000)
  region size 1024K, 10 young (10240K), 10 survivors (10240K)
 Metaspace       used 165298K, committed 168256K, reserved 1245184K
  class space    used 22790K, committed 24256K, reserved 1048576K
}
Event: 684.169 GC heap before
{Heap before GC invocations=74 (full 0):
 garbage-first heap   total 401408K, used 351586K [0x0000000080000000, 0x0000000100000000)
  region size 1024K, 102 young (104448K), 10 survivors (10240K)
 Metaspace       used 167678K, committed 170624K, reserved 1245184K
  class space    used 23164K, committed 24640K, reserved 1048576K
}
Event: 684.200 GC heap after
{Heap after GC invocations=75 (full 0):
 garbage-first heap   total 401408K, used 259708K [0x0000000080000000, 0x0000000100000000)
  region size 1024K, 2 young (2048K), 2 survivors (2048K)
 Metaspace       used 167678K, committed 170624K, reserved 1245184K
  class space    used 23164K, committed 24640K, reserved 1048576K
}

